<?xml version="1.0" encoding="UTF-8"?>
<testng-results ignored="0" total="6" passed="5" failed="1" skipped="0">
  <reporter-output>
  </reporter-output>
  <suite started-at="2025-03-18T15:46:09 IST" name="Suite" finished-at="2025-03-18T15:46:16 IST" duration-ms="6691">
    <groups>
    </groups>
    <test started-at="2025-03-18T15:46:09 IST" name="Test" finished-at="2025-03-18T15:46:16 IST" duration-ms="6691">
      <class name="com.testautomation.apitesting.runner.TestRunnerTestNG">
        <test-method is-config="true" signature="setUpClass()[pri:0, instance:com.testautomation.apitesting.runner.TestRunnerTestNG@411341bd]" started-at="2025-03-18T15:46:09 IST" name="setUpClass" finished-at="2025-03-18T15:46:09 IST" duration-ms="462" status="PASS">
          <reporter-output>
          </reporter-output>
        </test-method> <!-- setUpClass -->
        <test-method signature="feature(io.cucumber.testng.PickleWrapper,io.cucumber.testng.FeatureWrapper)[pri:0, instance:com.testautomation.apitesting.runner.TestRunnerTestNG@411341bd]" started-at="2025-03-18T15:46:09 IST" name="feature" data-provider="features" finished-at="2025-03-18T15:46:13 IST" duration-ms="3745" status="PASS">
          <params>
            <param index="0">
              <value>
                <![CDATA["Validate post bookingAPI works correctly"]]>
              </value>
            </param>
            <param index="1">
              <value>
                <![CDATA["End to End Booking Details"]]>
              </value>
            </param>
          </params>
          <reporter-output>
          </reporter-output>
        </test-method> <!-- feature -->
        <test-method signature="feature(io.cucumber.testng.PickleWrapper,io.cucumber.testng.FeatureWrapper)[pri:0, instance:com.testautomation.apitesting.runner.TestRunnerTestNG@411341bd]" started-at="2025-03-18T15:46:13 IST" name="feature" data-provider="features" finished-at="2025-03-18T15:46:14 IST" duration-ms="526" status="PASS">
          <params>
            <param index="0">
              <value>
                <![CDATA["Verify the booking details are correctly updated"]]>
              </value>
            </param>
            <param index="1">
              <value>
                <![CDATA["End to End Booking Details"]]>
              </value>
            </param>
          </params>
          <reporter-output>
          </reporter-output>
        </test-method> <!-- feature -->
        <test-method signature="feature(io.cucumber.testng.PickleWrapper,io.cucumber.testng.FeatureWrapper)[pri:0, instance:com.testautomation.apitesting.runner.TestRunnerTestNG@411341bd]" started-at="2025-03-18T15:46:14 IST" name="feature" data-provider="features" finished-at="2025-03-18T15:46:14 IST" duration-ms="432" status="PASS">
          <params>
            <param index="0">
              <value>
                <![CDATA["Token Generation"]]>
              </value>
            </param>
            <param index="1">
              <value>
                <![CDATA["End to End Booking Details"]]>
              </value>
            </param>
          </params>
          <reporter-output>
          </reporter-output>
        </test-method> <!-- feature -->
        <test-method signature="feature(io.cucumber.testng.PickleWrapper,io.cucumber.testng.FeatureWrapper)[pri:0, instance:com.testautomation.apitesting.runner.TestRunnerTestNG@411341bd]" started-at="2025-03-18T15:46:14 IST" name="feature" data-provider="features" finished-at="2025-03-18T15:46:15 IST" duration-ms="458" status="PASS">
          <params>
            <param index="0">
              <value>
                <![CDATA["Validate put bookingAPI works correctly"]]>
              </value>
            </param>
            <param index="1">
              <value>
                <![CDATA["End to End Booking Details"]]>
              </value>
            </param>
          </params>
          <reporter-output>
          </reporter-output>
        </test-method> <!-- feature -->
        <test-method signature="feature(io.cucumber.testng.PickleWrapper,io.cucumber.testng.FeatureWrapper)[pri:0, instance:com.testautomation.apitesting.runner.TestRunnerTestNG@411341bd]" started-at="2025-03-18T15:46:15 IST" name="feature" data-provider="features" finished-at="2025-03-18T15:46:15 IST" duration-ms="464" status="PASS">
          <params>
            <param index="0">
              <value>
                <![CDATA["Verify the booking details are correctly updated"]]>
              </value>
            </param>
            <param index="1">
              <value>
                <![CDATA["End to End Booking Details"]]>
              </value>
            </param>
          </params>
          <reporter-output>
          </reporter-output>
        </test-method> <!-- feature -->
        <test-method signature="feature(io.cucumber.testng.PickleWrapper,io.cucumber.testng.FeatureWrapper)[pri:0, instance:com.testautomation.apitesting.runner.TestRunnerTestNG@411341bd]" started-at="2025-03-18T15:46:15 IST" name="feature" data-provider="features" finished-at="2025-03-18T15:46:16 IST" duration-ms="469" status="FAIL">
          <params>
            <param index="0">
              <value>
                <![CDATA["Delete Booking Details"]]>
              </value>
            </param>
            <param index="1">
              <value>
                <![CDATA["End to End Booking Details"]]>
              </value>
            </param>
          </params>
          <exception class="java.lang.AssertionError">
            <message>
              <![CDATA[expected [200] but found [201]]]>
            </message>
            <full-stacktrace>
              <![CDATA[java.lang.AssertionError: expected [200] but found [201]
at org.testng.Assert.fail(Assert.java:111)
at org.testng.Assert.failNotEquals(Assert.java:1578)
at org.testng.Assert.assertEqualsImpl(Assert.java:150)
at org.testng.Assert.assertEquals(Assert.java:132)
at org.testng.Assert.assertEquals(Assert.java:1419)
at org.testng.Assert.assertEquals(Assert.java:1383)
at org.testng.Assert.assertEquals(Assert.java:1429)
at com.testautomation.apitesting.stepdefs.BookingAPI.receive_the_delete_response_code_as(BookingAPI.java:263)
at âœ½.receive the delete response code as 201(file:///C:/Users/220040/git/RestAssuredAPICucumberBDD/RestAssuredAPICucumberBDD/./features/EndToEndBookingAPI.feature:55)
]]>
            </full-stacktrace>
          </exception> <!-- java.lang.AssertionError -->
          <reporter-output>
          </reporter-output>
        </test-method> <!-- feature -->
        <test-method is-config="true" signature="tearDownClass()[pri:0, instance:com.testautomation.apitesting.runner.TestRunnerTestNG@411341bd]" started-at="2025-03-18T15:46:16 IST" name="tearDownClass" finished-at="2025-03-18T15:46:16 IST" duration-ms="61" status="PASS">
          <reporter-output>
          </reporter-output>
        </test-method> <!-- tearDownClass -->
      </class> <!-- com.testautomation.apitesting.runner.TestRunnerTestNG -->
    </test> <!-- Test -->
  </suite> <!-- Suite -->
</testng-results>
