<?xml version="1.0" encoding="UTF-8"?>
<!-- Generated by org.testng.reporters.JUnitReportReporter -->
<testsuite hostname="INBLRWHF1265MBY" failures="1" tests="6" name="com.testautomation.apitesting.runner.TestRunnerTestNG" time="6.094" errors="0" timestamp="2025-03-18T15:46:16 IST" skipped="0">
  <testcase classname="com.testautomation.apitesting.runner.TestRunnerTestNG" name="feature" time="0.458"/>
  <testcase classname="com.testautomation.apitesting.runner.TestRunnerTestNG" name="feature" time="0.432"/>
  <testcase classname="com.testautomation.apitesting.runner.TestRunnerTestNG" name="feature" time="3.745"/>
  <testcase classname="com.testautomation.apitesting.runner.TestRunnerTestNG" name="feature" time="0.526"/>
  <testcase classname="com.testautomation.apitesting.runner.TestRunnerTestNG" name="feature" time="0.464"/>
  <testcase classname="com.testautomation.apitesting.runner.TestRunnerTestNG" name="feature" time="0.469">
    <failure message="expected [200] but found [201]" type="java.lang.AssertionError">
      <![CDATA[java.lang.AssertionError: expected [200] but found [201]
at org.testng.Assert.fail(Assert.java:111)
at org.testng.Assert.failNotEquals(Assert.java:1578)
at org.testng.Assert.assertEqualsImpl(Assert.java:150)
at org.testng.Assert.assertEquals(Assert.java:132)
at org.testng.Assert.assertEquals(Assert.java:1419)
at org.testng.Assert.assertEquals(Assert.java:1383)
at org.testng.Assert.assertEquals(Assert.java:1429)
at com.testautomation.apitesting.stepdefs.BookingAPI.receive_the_delete_response_code_as(BookingAPI.java:263)
at âœ½.receive the delete response code as 201(file:///C:/Users/220040/git/RestAssuredAPICucumberBDD/RestAssuredAPICucumberBDD/./features/EndToEndBookingAPI.feature:55)
]]>
    </failure>
  </testcase> <!-- feature -->
</testsuite> <!-- com.testautomation.apitesting.runner.TestRunnerTestNG -->
