<?xml version="1.0" encoding="UTF-8"?>
<!-- Generated by org.testng.reporters.JUnitXMLReporter -->
<testsuite ignored="0" hostname="INBLRWHF1265MBY" failures="1" tests="6" name="Test" time="6.691" errors="0" timestamp="2025-03-18T15:46:16 IST">
  <testcase classname="com.testautomation.apitesting.runner.TestRunnerTestNG" name="feature" time="3.745"/>
  <testcase classname="com.testautomation.apitesting.runner.TestRunnerTestNG" name="feature" time="0.526"/>
  <testcase classname="com.testautomation.apitesting.runner.TestRunnerTestNG" name="feature" time="0.432"/>
  <testcase classname="com.testautomation.apitesting.runner.TestRunnerTestNG" name="feature" time="0.458"/>
  <testcase classname="com.testautomation.apitesting.runner.TestRunnerTestNG" name="feature" time="0.464"/>
  <testcase classname="com.testautomation.apitesting.runner.TestRunnerTestNG" name="feature" time="0.469">
    <failure type="java.lang.AssertionError" message="expected [200] but found [201]">
      <![CDATA[java.lang.AssertionError: expected [200] but found [201]
at com.testautomation.apitesting.stepdefs.BookingAPI.receive_the_delete_response_code_as(BookingAPI.java:263)
at âœ½.receive the delete response code as 201(file:///C:/Users/220040/git/RestAssuredAPICucumberBDD/RestAssuredAPICucumberBDD/./features/EndToEndBookingAPI.feature:55)
... Removed 7 stack frames]]>
    </failure>
  </testcase> <!-- feature -->
</testsuite> <!-- Test -->
